Build started 20/01/2013 14:16:59.
     1>Project "c:\Users\user\documents\visual studio 2010\Projects\Depth first\Depth first\Depth first.vcxproj" on node 2 (build target(s)).
     1>InitializeBuildStatus:
         Creating "Debug\Depth first.unsuccessfulbuild" because "AlwaysCreate" was specified.
       ClCompile:
         All outputs are up-to-date.
         C:\Program Files (x86)\Microsoft Visual Studio 10.0\VC\bin\CL.exe /c /ZI /nologo /W3 /WX- /Od /Oy- /D WIN32 /D _DEBUG /D _CONSOLE /D _UNICODE /D UNICODE /Gm /EHsc /RTC1 /MDd /GS /fp:precise /Zc:wchar_t /Zc:forScope /Yu"StdAfx.h" /Fp"Debug\Depth first.pch" /Fo"Debug\\" /Fd"Debug\vc100.pdb" /Gd /TP /analyze- /errorReport:prompt "Depth first.cpp"
         Depth first.cpp
     1>c:\users\user\documents\visual studio 2010\projects\depth first\depth first\depth first.cpp(102): warning C4018: '<' : signed/unsigned mismatch
     1>c:\users\user\documents\visual studio 2010\projects\depth first\depth first\depth first.cpp(109): warning C4018: '<' : signed/unsigned mismatch
       ManifestResourceCompile:
         All outputs are up-to-date.
       Link:
         C:\Program Files (x86)\Microsoft Visual Studio 10.0\VC\bin\link.exe /ERRORREPORT:PROMPT /OUT:"c:\users\user\documents\visual studio 2010\Projects\Depth first\Debug\Depth first.exe" /INCREMENTAL /NOLOGO kernel32.lib user32.lib gdi32.lib winspool.lib comdlg32.lib advapi32.lib shell32.lib ole32.lib oleaut32.lib uuid.lib odbc32.lib odbccp32.lib /MANIFEST /ManifestFile:"Debug\Depth first.exe.intermediate.manifest" /MANIFESTUAC:"level='asInvoker' uiAccess='false'" /DEBUG /PDB:"c:\users\user\documents\visual studio 2010\Projects\Depth first\Debug\Depth first.pdb" /SUBSYSTEM:CONSOLE /TLBID:1 /DYNAMICBASE /NXCOMPAT /IMPLIB:"c:\users\user\documents\visual studio 2010\Projects\Depth first\Debug\Depth first.lib" /MACHINE:X86 "Debug\Depth first.exe.embed.manifest.res"
         "Debug\Depth first.obj"
         Debug\stdafx.obj
       Manifest:
         c:\Program Files (x86)\Microsoft SDKs\Windows\v7.0A\bin\mt.exe /nologo /verbose /out:"Debug\Depth first.exe.embed.manifest" /manifest "Debug\Depth first.exe.intermediate.manifest"
         All outputs are up-to-date.
       LinkEmbedManifest:
         All outputs are up-to-date.
         Depth first.vcxproj -> c:\users\user\documents\visual studio 2010\Projects\Depth first\Debug\Depth first.exe
       FinalizeBuildStatus:
         Deleting file "Debug\Depth first.unsuccessfulbuild".
         Touching "Debug\Depth first.lastbuildstate".
     1>Done Building Project "c:\Users\user\documents\visual studio 2010\Projects\Depth first\Depth first\Depth first.vcxproj" (build target(s)).

Build succeeded.

Time Elapsed 00:00:01.53
